Flow report for Lab10
Fri Jun 03 21:01:34 2016
Quartus II 64-Bit Version 13.1.4 Build 182 03/12/2014 SJ Web Edition


---------------------
; Table of Contents ;
---------------------
  1. Legal Notice
  2. Flow Summary
  3. Flow Settings
  4. Flow Non-Default Global Settings
  5. Flow Elapsed Time
  6. Flow OS Summary
  7. Flow Log
  8. Flow Messages
  9. Flow Suppressed Messages



----------------
; Legal Notice ;
----------------
Copyright (C) 1991-2014 Altera Corporation
Your use of Altera Corporation's design tools, logic functions 
and other software and tools, and its AMPP partner logic 
functions, and any output files from any of the foregoing 
(including device programming or simulation files), and any 
associated documentation or information are expressly subject 
to the terms and conditions of the Altera Program License 
Subscription Agreement, Altera MegaCore Function License 
Agreement, or other applicable license agreement, including, 
without limitation, that your use is for the sole purpose of 
programming logic devices manufactured by Altera and sold by 
Altera or its authorized distributors.  Please refer to the 
applicable agreement for further details.



+---------------------------------------------------------------------------------+
; Flow Summary                                                                    ;
+------------------------------------+--------------------------------------------+
; Flow Status                        ; Successful - Fri Jun 03 21:01:34 2016      ;
; Quartus II 64-Bit Version          ; 13.1.4 Build 182 03/12/2014 SJ Web Edition ;
; Revision Name                      ; Lab10                                      ;
; Top-level Entity Name              ; Exp10_Part1                                ;
; Family                             ; Cyclone IV GX                              ;
; Device                             ; EP4CGX150DF31C7                            ;
; Timing Models                      ; Final                                      ;
; Total logic elements               ; 334 / 149,760 ( < 1 % )                    ;
;     Total combinational functions  ; 294 / 149,760 ( < 1 % )                    ;
;     Dedicated logic registers      ; 179 / 149,760 ( < 1 % )                    ;
; Total registers                    ; 179                                        ;
; Total pins                         ; 75 / 508 ( 15 % )                          ;
; Total virtual pins                 ; 0                                          ;
; Total memory bits                  ; 0 / 6,635,520 ( 0 % )                      ;
; Embedded Multiplier 9-bit elements ; 0 / 720 ( 0 % )                            ;
; Total GXB Receiver Channel PCS     ; 0 / 8 ( 0 % )                              ;
; Total GXB Receiver Channel PMA     ; 0 / 8 ( 0 % )                              ;
; Total GXB Transmitter Channel PCS  ; 0 / 8 ( 0 % )                              ;
; Total GXB Transmitter Channel PMA  ; 0 / 8 ( 0 % )                              ;
; Total PLLs                         ; 0 / 8 ( 0 % )                              ;
+------------------------------------+--------------------------------------------+


+-----------------------------------------+
; Flow Settings                           ;
+-------------------+---------------------+
; Option            ; Setting             ;
+-------------------+---------------------+
; Start date & time ; 06/03/2016 21:00:01 ;
; Main task         ; Compilation         ;
; Revision Name     ; Lab10               ;
+-------------------+---------------------+


+----------------------------------------------------------------------------------------------------------------------+
; Flow Non-Default Global Settings                                                                                     ;
+-------------------------------------+---------------------------------+---------------+-------------+----------------+
; Assignment Name                     ; Value                           ; Default Value ; Entity Name ; Section Id     ;
+-------------------------------------+---------------------------------+---------------+-------------+----------------+
; COMPILER_SIGNATURE_ID               ; 273440552298678.146499840117704 ; --            ; --          ; --             ;
; EDA_OUTPUT_DATA_FORMAT              ; Vhdl                            ; --            ; --          ; eda_simulation ;
; EDA_SIMULATION_TOOL                 ; ModelSim-Altera (VHDL)          ; <None>        ; --          ; --             ;
; MAX_CORE_JUNCTION_TEMP              ; 85                              ; --            ; --          ; --             ;
; MIN_CORE_JUNCTION_TEMP              ; 0                               ; --            ; --          ; --             ;
; OUTPUT_IO_TIMING_FAR_END_VMEAS      ; Half Signal Swing               ; --            ; --          ; --             ;
; OUTPUT_IO_TIMING_FAR_END_VMEAS      ; Half Signal Swing               ; --            ; --          ; --             ;
; OUTPUT_IO_TIMING_NEAR_END_VMEAS     ; Half Vccio                      ; --            ; --          ; --             ;
; OUTPUT_IO_TIMING_NEAR_END_VMEAS     ; Half Vccio                      ; --            ; --          ; --             ;
; PARTITION_COLOR                     ; 16764057                        ; --            ; Exp10_part1 ; Top            ;
; PARTITION_FITTER_PRESERVATION_LEVEL ; PLACEMENT_AND_ROUTING           ; --            ; Exp10_part1 ; Top            ;
; PARTITION_NETLIST_TYPE              ; SOURCE                          ; --            ; Exp10_part1 ; Top            ;
; PROJECT_OUTPUT_DIRECTORY            ; output_files                    ; --            ; --          ; --             ;
; TOP_LEVEL_ENTITY                    ; Exp10_part1                     ; Lab10         ; --          ; --             ;
+-------------------------------------+---------------------------------+---------------+-------------+----------------+


+-------------------------------------------------------------------------------------------------------------------------------+
; Flow Elapsed Time                                                                                                             ;
+---------------------------+--------------+-------------------------+---------------------+------------------------------------+
; Module Name               ; Elapsed Time ; Average Processors Used ; Peak Virtual Memory ; Total CPU Time (on all processors) ;
+---------------------------+--------------+-------------------------+---------------------+------------------------------------+
; Analysis & Synthesis      ; 00:00:04     ; 1.0                     ; 579 MB              ; 00:00:02                           ;
; Fitter                    ; 00:00:31     ; 1.0                     ; 1058 MB             ; 00:00:24                           ;
; Assembler                 ; 00:00:12     ; 1.0                     ; 533 MB              ; 00:00:06                           ;
; TimeQuest Timing Analyzer ; 00:00:15     ; 1.0                     ; 570 MB              ; 00:00:05                           ;
; EDA Netlist Writer        ; 00:00:10     ; 1.0                     ; 473 MB              ; 00:00:02                           ;
; Total                     ; 00:01:12     ; --                      ; --                  ; 00:00:39                           ;
+---------------------------+--------------+-------------------------+---------------------+------------------------------------+


+----------------------------------------------------------------------------------------+
; Flow OS Summary                                                                        ;
+---------------------------+------------------+-----------+------------+----------------+
; Module Name               ; Machine Hostname ; OS Name   ; OS Version ; Processor type ;
+---------------------------+------------------+-----------+------------+----------------+
; Analysis & Synthesis      ; LS04-N206-Bnc08  ; Windows 7 ; 6.2        ; x86_64         ;
; Fitter                    ; LS04-N206-Bnc08  ; Windows 7 ; 6.2        ; x86_64         ;
; Assembler                 ; LS04-N206-Bnc08  ; Windows 7 ; 6.2        ; x86_64         ;
; TimeQuest Timing Analyzer ; LS04-N206-Bnc08  ; Windows 7 ; 6.2        ; x86_64         ;
; EDA Netlist Writer        ; LS04-N206-Bnc08  ; Windows 7 ; 6.2        ; x86_64         ;
+---------------------------+------------------+-----------+------------+----------------+


------------
; Flow Log ;
------------
quartus_map --read_settings_files=on --write_settings_files=off Lab10 -c Lab10
quartus_fit --read_settings_files=off --write_settings_files=off Lab10 -c Lab10
quartus_asm --read_settings_files=off --write_settings_files=off Lab10 -c Lab10
quartus_sta Lab10 -c Lab10
quartus_eda --read_settings_files=off --write_settings_files=off Lab10 -c Lab10



