Analysis & Synthesis report for Lab5
Fri Apr 15 19:34:06 2016
Quartus II 64-Bit Version 13.1.4 Build 182 03/12/2014 SJ Web Edition


---------------------
; Table of Contents ;
---------------------
  1. Legal Notice
  2. Analysis & Synthesis Summary
  3. Analysis & Synthesis Settings
  4. Parallel Compilation
  5. Analysis & Synthesis Source Files Read
  6. Analysis & Synthesis Resource Usage Summary
  7. Analysis & Synthesis Resource Utilization by Entity
  8. Registers Removed During Synthesis
  9. General Register Statistics
 10. Parameter Settings for User Entity Instance: counter_k_init:base_counter
 11. Parameter Settings for User Entity Instance: counter_k_init:seconds
 12. Parameter Settings for User Entity Instance: counter_k_init:minutes
 13. Parameter Settings for User Entity Instance: counter_k_init:hours
 14. Parameter Settings for Inferred Entity Instance: lpm_divide:Div2
 15. Parameter Settings for Inferred Entity Instance: lpm_divide:Mod2
 16. Parameter Settings for Inferred Entity Instance: lpm_divide:Div1
 17. Parameter Settings for Inferred Entity Instance: lpm_divide:Mod1
 18. Parameter Settings for Inferred Entity Instance: lpm_divide:Div0
 19. Parameter Settings for Inferred Entity Instance: lpm_divide:Mod0
 20. Port Connectivity Checks: "counter_k_init:hours"
 21. Port Connectivity Checks: "counter_k_init:minutes"
 22. Port Connectivity Checks: "counter_k_init:seconds"
 23. Port Connectivity Checks: "counter_k_init:base_counter"
 24. Elapsed Time Per Partition
 25. Analysis & Synthesis Messages



----------------
; Legal Notice ;
----------------
Copyright (C) 1991-2014 Altera Corporation
Your use of Altera Corporation's design tools, logic functions 
and other software and tools, and its AMPP partner logic 
functions, and any output files from any of the foregoing 
(including device programming or simulation files), and any 
associated documentation or information are expressly subject 
to the terms and conditions of the Altera Program License 
Subscription Agreement, Altera MegaCore Function License 
Agreement, or other applicable license agreement, including, 
without limitation, that your use is for the sole purpose of 
programming logic devices manufactured by Altera and sold by 
Altera or its authorized distributors.  Please refer to the 
applicable agreement for further details.



+---------------------------------------------------------------------------------+
; Analysis & Synthesis Summary                                                    ;
+------------------------------------+--------------------------------------------+
; Analysis & Synthesis Status        ; Successful - Fri Apr 15 19:34:06 2016      ;
; Quartus II 64-Bit Version          ; 13.1.4 Build 182 03/12/2014 SJ Web Edition ;
; Revision Name                      ; Lab5                                       ;
; Top-level Entity Name              ; Lab5_part2                                 ;
; Family                             ; Cyclone IV GX                              ;
; Total logic elements               ; 436                                        ;
;     Total combinational functions  ; 436                                        ;
;     Dedicated logic registers      ; 52                                         ;
; Total registers                    ; 52                                         ;
; Total pins                         ; 79                                         ;
; Total virtual pins                 ; 0                                          ;
; Total memory bits                  ; 0                                          ;
; Embedded Multiplier 9-bit elements ; 0                                          ;
; Total GXB Receiver Channel PCS     ; 0                                          ;
; Total GXB Receiver Channel PMA     ; 0                                          ;
; Total GXB Transmitter Channel PCS  ; 0                                          ;
; Total GXB Transmitter Channel PMA  ; 0                                          ;
; Total PLLs                         ; 0                                          ;
+------------------------------------+--------------------------------------------+


+----------------------------------------------------------------------------------------------------------------------+
; Analysis & Synthesis Settings                                                                                        ;
+----------------------------------------------------------------------------+--------------------+--------------------+
; Option                                                                     ; Setting            ; Default Value      ;
+----------------------------------------------------------------------------+--------------------+--------------------+
; Device                                                                     ; EP4CGX150DF31C7    ;                    ;
; Top-level entity name                                                      ; Lab5_part2         ; Lab5               ;
; Family name                                                                ; Cyclone IV GX      ; Cyclone IV GX      ;
; Use smart compilation                                                      ; Off                ; Off                ;
; Enable parallel Assembler and TimeQuest Timing Analyzer during compilation ; On                 ; On                 ;
; Enable compact report table                                                ; Off                ; Off                ;
; Restructure Multiplexers                                                   ; Auto               ; Auto               ;
; Create Debugging Nodes for IP Cores                                        ; Off                ; Off                ;
; Preserve fewer node names                                                  ; On                 ; On                 ;
; Disable OpenCore Plus hardware evaluation                                  ; Off                ; Off                ;
; Verilog Version                                                            ; Verilog_2001       ; Verilog_2001       ;
; VHDL Version                                                               ; VHDL_1993          ; VHDL_1993          ;
; State Machine Processing                                                   ; Auto               ; Auto               ;
; Safe State Machine                                                         ; Off                ; Off                ;
; Extract Verilog State Machines                                             ; On                 ; On                 ;
; Extract VHDL State Machines                                                ; On                 ; On                 ;
; Ignore Verilog initial constructs                                          ; Off                ; Off                ;
; Iteration limit for constant Verilog loops                                 ; 5000               ; 5000               ;
; Iteration limit for non-constant Verilog loops                             ; 250                ; 250                ;
; Add Pass-Through Logic to Inferred RAMs                                    ; On                 ; On                 ;
; Infer RAMs from Raw Logic                                                  ; On                 ; On                 ;
; Parallel Synthesis                                                         ; On                 ; On                 ;
; DSP Block Balancing                                                        ; Auto               ; Auto               ;
; NOT Gate Push-Back                                                         ; On                 ; On                 ;
; Power-Up Don't Care                                                        ; On                 ; On                 ;
; Remove Redundant Logic Cells                                               ; Off                ; Off                ;
; Remove Duplicate Registers                                                 ; On                 ; On                 ;
; Ignore CARRY Buffers                                                       ; Off                ; Off                ;
; Ignore CASCADE Buffers                                                     ; Off                ; Off                ;
; Ignore GLOBAL Buffers                                                      ; Off                ; Off                ;
; Ignore ROW GLOBAL Buffers                                                  ; Off                ; Off                ;
; Ignore LCELL Buffers                                                       ; Off                ; Off                ;
; Ignore SOFT Buffers                                                        ; On                 ; On                 ;
; Limit AHDL Integers to 32 Bits                                             ; Off                ; Off                ;
; Optimization Technique                                                     ; Balanced           ; Balanced           ;
; Carry Chain Length                                                         ; 70                 ; 70                 ;
; Auto Carry Chains                                                          ; On                 ; On                 ;
; Auto Open-Drain Pins                                                       ; On                 ; On                 ;
; Perform WYSIWYG Primitive Resynthesis                                      ; Off                ; Off                ;
; Auto ROM Replacement                                                       ; On                 ; On                 ;
; Auto RAM Replacement                                                       ; On                 ; On                 ;
; Auto DSP Block Replacement                                                 ; On                 ; On                 ;
; Auto Shift Register Replacement                                            ; Auto               ; Auto               ;
; Allow Shift Register Merging across Hierarchies                            ; Auto               ; Auto               ;
; Auto Clock Enable Replacement                                              ; On                 ; On                 ;
; Strict RAM Replacement                                                     ; Off                ; Off                ;
; Allow Synchronous Control Signals                                          ; On                 ; On                 ;
; Force Use of Synchronous Clear Signals                                     ; Off                ; Off                ;
; Auto RAM Block Balancing                                                   ; On                 ; On                 ;
; Auto RAM to Logic Cell Conversion                                          ; Off                ; Off                ;
; Auto Resource Sharing                                                      ; Off                ; Off                ;
; Allow Any RAM Size For Recognition                                         ; Off                ; Off                ;
; Allow Any ROM Size For Recognition                                         ; Off                ; Off                ;
; Allow Any Shift Register Size For Recognition                              ; Off                ; Off                ;
; Use LogicLock Constraints during Resource Balancing                        ; On                 ; On                 ;
; Ignore translate_off and synthesis_off directives                          ; Off                ; Off                ;
; Timing-Driven Synthesis                                                    ; On                 ; On                 ;
; Report Parameter Settings                                                  ; On                 ; On                 ;
; Report Source Assignments                                                  ; On                 ; On                 ;
; Report Connectivity Checks                                                 ; On                 ; On                 ;
; Ignore Maximum Fan-Out Assignments                                         ; Off                ; Off                ;
; Synchronization Register Chain Length                                      ; 2                  ; 2                  ;
; PowerPlay Power Optimization                                               ; Normal compilation ; Normal compilation ;
; HDL message level                                                          ; Level2             ; Level2             ;
; Suppress Register Optimization Related Messages                            ; Off                ; Off                ;
; Number of Removed Registers Reported in Synthesis Report                   ; 5000               ; 5000               ;
; Number of Swept Nodes Reported in Synthesis Report                         ; 5000               ; 5000               ;
; Number of Inverted Registers Reported in Synthesis Report                  ; 100                ; 100                ;
; Clock MUX Protection                                                       ; On                 ; On                 ;
; Auto Gated Clock Conversion                                                ; Off                ; Off                ;
; Block Design Naming                                                        ; Auto               ; Auto               ;
; SDC constraint protection                                                  ; Off                ; Off                ;
; Synthesis Effort                                                           ; Auto               ; Auto               ;
; Shift Register Replacement - Allow Asynchronous Clear Signal               ; On                 ; On                 ;
; Pre-Mapping Resynthesis Optimization                                       ; Off                ; Off                ;
; Analysis & Synthesis Message Level                                         ; Medium             ; Medium             ;
; Disable Register Merging Across Hierarchies                                ; Auto               ; Auto               ;
; Resource Aware Inference For Block RAM                                     ; On                 ; On                 ;
; Synthesis Seed                                                             ; 1                  ; 1                  ;
+----------------------------------------------------------------------------+--------------------+--------------------+


Parallel compilation was disabled, but you have multiple processors available. Enable parallel compilation to reduce compilation time.
+-------------------------------------+
; Parallel Compilation                ;
+----------------------------+--------+
; Processors                 ; Number ;
+----------------------------+--------+
; Number detected on machine ; 4      ;
; Maximum allowed            ; 1      ;
+----------------------------+--------+


+------------------------------------------------------------------------------------------------------------------------------------------------------------------+
; Analysis & Synthesis Source Files Read                                                                                                                           ;
+----------------------------------+-----------------+------------------------------+--------------------------------------------------------------------+---------+
; File Name with User-Entered Path ; Used in Netlist ; File Type                    ; File Name with Absolute Path                                       ; Library ;
+----------------------------------+-----------------+------------------------------+--------------------------------------------------------------------+---------+
; decoder_7segment_hex.vhd         ; yes             ; User VHDL File               ; F:/ES575A/Lab5/decoder_7segment_hex.vhd                            ;         ;
; Lab5_part2.vhd                   ; yes             ; User VHDL File               ; F:/ES575A/Lab5/Lab5_part2.vhd                                      ;         ;
; counter_k_init.vhd               ; yes             ; User VHDL File               ; F:/ES575A/Lab5/counter_k_init.vhd                                  ;         ;
; lpm_divide.tdf                   ; yes             ; Megafunction                 ; c:/altera/13.1/quartus/libraries/megafunctions/lpm_divide.tdf      ;         ;
; abs_divider.inc                  ; yes             ; Megafunction                 ; c:/altera/13.1/quartus/libraries/megafunctions/abs_divider.inc     ;         ;
; sign_div_unsign.inc              ; yes             ; Megafunction                 ; c:/altera/13.1/quartus/libraries/megafunctions/sign_div_unsign.inc ;         ;
; aglobal131.inc                   ; yes             ; Megafunction                 ; c:/altera/13.1/quartus/libraries/megafunctions/aglobal131.inc      ;         ;
; db/lpm_divide_blm.tdf            ; yes             ; Auto-Generated Megafunction  ; F:/ES575A/Lab5/db/lpm_divide_blm.tdf                               ;         ;
; db/sign_div_unsign_9kh.tdf       ; yes             ; Auto-Generated Megafunction  ; F:/ES575A/Lab5/db/sign_div_unsign_9kh.tdf                          ;         ;
; db/alt_u_div_08f.tdf             ; yes             ; Auto-Generated Megafunction  ; F:/ES575A/Lab5/db/alt_u_div_08f.tdf                                ;         ;
; db/add_sub_1tc.tdf               ; yes             ; Auto-Generated Megafunction  ; F:/ES575A/Lab5/db/add_sub_1tc.tdf                                  ;         ;
; db/add_sub_2tc.tdf               ; yes             ; Auto-Generated Megafunction  ; F:/ES575A/Lab5/db/add_sub_2tc.tdf                                  ;         ;
; db/lpm_divide_gdm.tdf            ; yes             ; Auto-Generated Megafunction  ; F:/ES575A/Lab5/db/lpm_divide_gdm.tdf                               ;         ;
; db/sign_div_unsign_bkh.tdf       ; yes             ; Auto-Generated Megafunction  ; F:/ES575A/Lab5/db/sign_div_unsign_bkh.tdf                          ;         ;
; db/alt_u_div_48f.tdf             ; yes             ; Auto-Generated Megafunction  ; F:/ES575A/Lab5/db/alt_u_div_48f.tdf                                ;         ;
+----------------------------------+-----------------+------------------------------+--------------------------------------------------------------------+---------+


+---------------------------------------------+
; Analysis & Synthesis Resource Usage Summary ;
+--------------------------+------------------+
; Resource                 ; Usage            ;
+--------------------------+------------------+
; I/O pins                 ; 79               ;
; DSP block 9-bit elements ; 0                ;
; Maximum fan-out node     ; KEY[0]~input     ;
; Maximum fan-out          ; 88               ;
; Total fan-out            ; 1443             ;
; Average fan-out          ; 2.23             ;
+--------------------------+------------------+


+---------------------------------------------------------------------------------------------------------------------------------------------------------------------------------------------------------------------------------------------------------------------------------------------+
; Analysis & Synthesis Resource Utilization by Entity                                                                                                                                                                                                                                         ;
+----------------------------------------+-------------------+--------------+-------------+--------------+---------+-----------+-----------+------+--------------+-------------------------------------------------------------------------------------------------------------+--------------+
; Compilation Hierarchy Node             ; LC Combinationals ; LC Registers ; Memory Bits ; DSP Elements ; DSP 9x9 ; DSP 18x18 ; DSP 36x36 ; Pins ; Virtual Pins ; Full Hierarchy Name                                                                                         ; Library Name ;
+----------------------------------------+-------------------+--------------+-------------+--------------+---------+-----------+-----------+------+--------------+-------------------------------------------------------------------------------------------------------------+--------------+
; |Lab5_part2                            ; 436 (0)           ; 52 (0)       ; 0           ; 0            ; 0       ; 0         ; 0         ; 79   ; 0            ; |Lab5_part2                                                                                                 ; work         ;
;    |counter_k_init:base_counter|       ; 112 (112)         ; 32 (32)      ; 0           ; 0            ; 0       ; 0         ; 0         ; 0    ; 0            ; |Lab5_part2|counter_k_init:base_counter                                                                     ; work         ;
;    |counter_k_init:hours|              ; 30 (30)           ; 6 (6)        ; 0           ; 0            ; 0       ; 0         ; 0         ; 0    ; 0            ; |Lab5_part2|counter_k_init:hours                                                                            ; work         ;
;    |counter_k_init:minutes|            ; 27 (27)           ; 7 (7)        ; 0           ; 0            ; 0       ; 0         ; 0         ; 0    ; 0            ; |Lab5_part2|counter_k_init:minutes                                                                          ; work         ;
;    |counter_k_init:seconds|            ; 27 (27)           ; 7 (7)        ; 0           ; 0            ; 0       ; 0         ; 0         ; 0    ; 0            ; |Lab5_part2|counter_k_init:seconds                                                                          ; work         ;
;    |decoder_7segment_hex:hour_A|       ; 7 (7)             ; 0 (0)        ; 0           ; 0            ; 0       ; 0         ; 0         ; 0    ; 0            ; |Lab5_part2|decoder_7segment_hex:hour_A                                                                     ; work         ;
;    |decoder_7segment_hex:hour_B|       ; 7 (7)             ; 0 (0)        ; 0           ; 0            ; 0       ; 0         ; 0         ; 0    ; 0            ; |Lab5_part2|decoder_7segment_hex:hour_B                                                                     ; work         ;
;    |decoder_7segment_hex:min_C|        ; 7 (7)             ; 0 (0)        ; 0           ; 0            ; 0       ; 0         ; 0         ; 0    ; 0            ; |Lab5_part2|decoder_7segment_hex:min_C                                                                      ; work         ;
;    |decoder_7segment_hex:min_D|        ; 7 (7)             ; 0 (0)        ; 0           ; 0            ; 0       ; 0         ; 0         ; 0    ; 0            ; |Lab5_part2|decoder_7segment_hex:min_D                                                                      ; work         ;
;    |decoder_7segment_hex:sec_E|        ; 7 (7)             ; 0 (0)        ; 0           ; 0            ; 0       ; 0         ; 0         ; 0    ; 0            ; |Lab5_part2|decoder_7segment_hex:sec_E                                                                      ; work         ;
;    |decoder_7segment_hex:sec_F|        ; 7 (7)             ; 0 (0)        ; 0           ; 0            ; 0       ; 0         ; 0         ; 0    ; 0            ; |Lab5_part2|decoder_7segment_hex:sec_F                                                                      ; work         ;
;    |lpm_divide:Div0|                   ; 30 (0)            ; 0 (0)        ; 0           ; 0            ; 0       ; 0         ; 0         ; 0    ; 0            ; |Lab5_part2|lpm_divide:Div0                                                                                 ; work         ;
;       |lpm_divide_blm:auto_generated|  ; 30 (0)            ; 0 (0)        ; 0           ; 0            ; 0       ; 0         ; 0         ; 0    ; 0            ; |Lab5_part2|lpm_divide:Div0|lpm_divide_blm:auto_generated                                                   ; work         ;
;          |sign_div_unsign_9kh:divider| ; 30 (0)            ; 0 (0)        ; 0           ; 0            ; 0       ; 0         ; 0         ; 0    ; 0            ; |Lab5_part2|lpm_divide:Div0|lpm_divide_blm:auto_generated|sign_div_unsign_9kh:divider                       ; work         ;
;             |alt_u_div_08f:divider|    ; 30 (30)           ; 0 (0)        ; 0           ; 0            ; 0       ; 0         ; 0         ; 0    ; 0            ; |Lab5_part2|lpm_divide:Div0|lpm_divide_blm:auto_generated|sign_div_unsign_9kh:divider|alt_u_div_08f:divider ; work         ;
;    |lpm_divide:Div1|                   ; 30 (0)            ; 0 (0)        ; 0           ; 0            ; 0       ; 0         ; 0         ; 0    ; 0            ; |Lab5_part2|lpm_divide:Div1                                                                                 ; work         ;
;       |lpm_divide_blm:auto_generated|  ; 30 (0)            ; 0 (0)        ; 0           ; 0            ; 0       ; 0         ; 0         ; 0    ; 0            ; |Lab5_part2|lpm_divide:Div1|lpm_divide_blm:auto_generated                                                   ; work         ;
;          |sign_div_unsign_9kh:divider| ; 30 (0)            ; 0 (0)        ; 0           ; 0            ; 0       ; 0         ; 0         ; 0    ; 0            ; |Lab5_part2|lpm_divide:Div1|lpm_divide_blm:auto_generated|sign_div_unsign_9kh:divider                       ; work         ;
;             |alt_u_div_08f:divider|    ; 30 (30)           ; 0 (0)        ; 0           ; 0            ; 0       ; 0         ; 0         ; 0    ; 0            ; |Lab5_part2|lpm_divide:Div1|lpm_divide_blm:auto_generated|sign_div_unsign_9kh:divider|alt_u_div_08f:divider ; work         ;
;    |lpm_divide:Div2|                   ; 30 (0)            ; 0 (0)        ; 0           ; 0            ; 0       ; 0         ; 0         ; 0    ; 0            ; |Lab5_part2|lpm_divide:Div2                                                                                 ; work         ;
;       |lpm_divide_blm:auto_generated|  ; 30 (0)            ; 0 (0)        ; 0           ; 0            ; 0       ; 0         ; 0         ; 0    ; 0            ; |Lab5_part2|lpm_divide:Div2|lpm_divide_blm:auto_generated                                                   ; work         ;
;          |sign_div_unsign_9kh:divider| ; 30 (0)            ; 0 (0)        ; 0           ; 0            ; 0       ; 0         ; 0         ; 0    ; 0            ; |Lab5_part2|lpm_divide:Div2|lpm_divide_blm:auto_generated|sign_div_unsign_9kh:divider                       ; work         ;
;             |alt_u_div_08f:divider|    ; 30 (30)           ; 0 (0)        ; 0           ; 0            ; 0       ; 0         ; 0         ; 0    ; 0            ; |Lab5_part2|lpm_divide:Div2|lpm_divide_blm:auto_generated|sign_div_unsign_9kh:divider|alt_u_div_08f:divider ; work         ;
;    |lpm_divide:Mod0|                   ; 36 (0)            ; 0 (0)        ; 0           ; 0            ; 0       ; 0         ; 0         ; 0    ; 0            ; |Lab5_part2|lpm_divide:Mod0                                                                                 ; work         ;
;       |lpm_divide_gdm:auto_generated|  ; 36 (0)            ; 0 (0)        ; 0           ; 0            ; 0       ; 0         ; 0         ; 0    ; 0            ; |Lab5_part2|lpm_divide:Mod0|lpm_divide_gdm:auto_generated                                                   ; work         ;
;          |sign_div_unsign_bkh:divider| ; 36 (0)            ; 0 (0)        ; 0           ; 0            ; 0       ; 0         ; 0         ; 0    ; 0            ; |Lab5_part2|lpm_divide:Mod0|lpm_divide_gdm:auto_generated|sign_div_unsign_bkh:divider                       ; work         ;
;             |alt_u_div_48f:divider|    ; 36 (36)           ; 0 (0)        ; 0           ; 0            ; 0       ; 0         ; 0         ; 0    ; 0            ; |Lab5_part2|lpm_divide:Mod0|lpm_divide_gdm:auto_generated|sign_div_unsign_bkh:divider|alt_u_div_48f:divider ; work         ;
;    |lpm_divide:Mod1|                   ; 36 (0)            ; 0 (0)        ; 0           ; 0            ; 0       ; 0         ; 0         ; 0    ; 0            ; |Lab5_part2|lpm_divide:Mod1                                                                                 ; work         ;
;       |lpm_divide_gdm:auto_generated|  ; 36 (0)            ; 0 (0)        ; 0           ; 0            ; 0       ; 0         ; 0         ; 0    ; 0            ; |Lab5_part2|lpm_divide:Mod1|lpm_divide_gdm:auto_generated                                                   ; work         ;
;          |sign_div_unsign_bkh:divider| ; 36 (0)            ; 0 (0)        ; 0           ; 0            ; 0       ; 0         ; 0         ; 0    ; 0            ; |Lab5_part2|lpm_divide:Mod1|lpm_divide_gdm:auto_generated|sign_div_unsign_bkh:divider                       ; work         ;
;             |alt_u_div_48f:divider|    ; 36 (36)           ; 0 (0)        ; 0           ; 0            ; 0       ; 0         ; 0         ; 0    ; 0            ; |Lab5_part2|lpm_divide:Mod1|lpm_divide_gdm:auto_generated|sign_div_unsign_bkh:divider|alt_u_div_48f:divider ; work         ;
;    |lpm_divide:Mod2|                   ; 36 (0)            ; 0 (0)        ; 0           ; 0            ; 0       ; 0         ; 0         ; 0    ; 0            ; |Lab5_part2|lpm_divide:Mod2                                                                                 ; work         ;
;       |lpm_divide_gdm:auto_generated|  ; 36 (0)            ; 0 (0)        ; 0           ; 0            ; 0       ; 0         ; 0         ; 0    ; 0            ; |Lab5_part2|lpm_divide:Mod2|lpm_divide_gdm:auto_generated                                                   ; work         ;
;          |sign_div_unsign_bkh:divider| ; 36 (0)            ; 0 (0)        ; 0           ; 0            ; 0       ; 0         ; 0         ; 0    ; 0            ; |Lab5_part2|lpm_divide:Mod2|lpm_divide_gdm:auto_generated|sign_div_unsign_bkh:divider                       ; work         ;
;             |alt_u_div_48f:divider|    ; 36 (36)           ; 0 (0)        ; 0           ; 0            ; 0       ; 0         ; 0         ; 0    ; 0            ; |Lab5_part2|lpm_divide:Mod2|lpm_divide_gdm:auto_generated|sign_div_unsign_bkh:divider|alt_u_div_48f:divider ; work         ;
+----------------------------------------+-------------------+--------------+-------------+--------------+---------+-----------+-----------+------+--------------+-------------------------------------------------------------------------------------------------------------+--------------+
Note: For table entries with two numbers listed, the numbers in parentheses indicate the number of resources of the given type used by the specific entity alone. The numbers listed outside of parentheses indicate the total resources of the given type used by the specific entity and all of its sub-entities in the hierarchy.


+------------------------------------------------------------+
; Registers Removed During Synthesis                         ;
+---------------------------------------+--------------------+
; Register name                         ; Reason for Removal ;
+---------------------------------------+--------------------+
; counter_k_init:base_counter|value[31] ; Lost fanout        ;
; Total Number of Removed Registers = 1 ;                    ;
+---------------------------------------+--------------------+


+------------------------------------------------------+
; General Register Statistics                          ;
+----------------------------------------------+-------+
; Statistic                                    ; Value ;
+----------------------------------------------+-------+
; Total registers                              ; 52    ;
; Number of registers using Synchronous Clear  ; 0     ;
; Number of registers using Synchronous Load   ; 0     ;
; Number of registers using Asynchronous Clear ; 49    ;
; Number of registers using Asynchronous Load  ; 0     ;
; Number of registers using Clock Enable       ; 3     ;
; Number of registers using Preset             ; 0     ;
+----------------------------------------------+-------+


+--------------------------------------------------------------------------+
; Parameter Settings for User Entity Instance: counter_k_init:base_counter ;
+----------------+-------+-------------------------------------------------+
; Parameter Name ; Value ; Type                                            ;
+----------------+-------+-------------------------------------------------+
; n              ; 32    ; Signed Integer                                  ;
+----------------+-------+-------------------------------------------------+
Note: In order to hide this table in the UI and the text report file, please set the "Show Parameter Settings in Synthesis Report" option in "Analysis and Synthesis Settings -> More Settings" to "Off".


+---------------------------------------------------------------------+
; Parameter Settings for User Entity Instance: counter_k_init:seconds ;
+----------------+-------+--------------------------------------------+
; Parameter Name ; Value ; Type                                       ;
+----------------+-------+--------------------------------------------+
; n              ; 6     ; Signed Integer                             ;
+----------------+-------+--------------------------------------------+
Note: In order to hide this table in the UI and the text report file, please set the "Show Parameter Settings in Synthesis Report" option in "Analysis and Synthesis Settings -> More Settings" to "Off".


+---------------------------------------------------------------------+
; Parameter Settings for User Entity Instance: counter_k_init:minutes ;
+----------------+-------+--------------------------------------------+
; Parameter Name ; Value ; Type                                       ;
+----------------+-------+--------------------------------------------+
; n              ; 6     ; Signed Integer                             ;
+----------------+-------+--------------------------------------------+
Note: In order to hide this table in the UI and the text report file, please set the "Show Parameter Settings in Synthesis Report" option in "Analysis and Synthesis Settings -> More Settings" to "Off".


+-------------------------------------------------------------------+
; Parameter Settings for User Entity Instance: counter_k_init:hours ;
+----------------+-------+------------------------------------------+
; Parameter Name ; Value ; Type                                     ;
+----------------+-------+------------------------------------------+
; n              ; 6     ; Signed Integer                           ;
+----------------+-------+------------------------------------------+
Note: In order to hide this table in the UI and the text report file, please set the "Show Parameter Settings in Synthesis Report" option in "Analysis and Synthesis Settings -> More Settings" to "Off".


+------------------------------------------------------------------+
; Parameter Settings for Inferred Entity Instance: lpm_divide:Div2 ;
+------------------------+----------------+------------------------+
; Parameter Name         ; Value          ; Type                   ;
+------------------------+----------------+------------------------+
; LPM_WIDTHN             ; 6              ; Untyped                ;
; LPM_WIDTHD             ; 4              ; Untyped                ;
; LPM_NREPRESENTATION    ; UNSIGNED       ; Untyped                ;
; LPM_DREPRESENTATION    ; UNSIGNED       ; Untyped                ;
; LPM_PIPELINE           ; 0              ; Untyped                ;
; LPM_REMAINDERPOSITIVE  ; TRUE           ; Untyped                ;
; MAXIMIZE_SPEED         ; 5              ; Untyped                ;
; CBXI_PARAMETER         ; lpm_divide_blm ; Untyped                ;
; CARRY_CHAIN            ; MANUAL         ; Untyped                ;
; OPTIMIZE_FOR_SPEED     ; 5              ; Untyped                ;
; AUTO_CARRY_CHAINS      ; ON             ; AUTO_CARRY             ;
; IGNORE_CARRY_BUFFERS   ; OFF            ; IGNORE_CARRY           ;
; AUTO_CASCADE_CHAINS    ; ON             ; AUTO_CASCADE           ;
; IGNORE_CASCADE_BUFFERS ; OFF            ; IGNORE_CASCADE         ;
+------------------------+----------------+------------------------+
Note: In order to hide this table in the UI and the text report file, please set the "Show Parameter Settings in Synthesis Report" option in "Analysis and Synthesis Settings -> More Settings" to "Off".


+------------------------------------------------------------------+
; Parameter Settings for Inferred Entity Instance: lpm_divide:Mod2 ;
+------------------------+----------------+------------------------+
; Parameter Name         ; Value          ; Type                   ;
+------------------------+----------------+------------------------+
; LPM_WIDTHN             ; 6              ; Untyped                ;
; LPM_WIDTHD             ; 6              ; Untyped                ;
; LPM_NREPRESENTATION    ; UNSIGNED       ; Untyped                ;
; LPM_DREPRESENTATION    ; UNSIGNED       ; Untyped                ;
; LPM_PIPELINE           ; 0              ; Untyped                ;
; LPM_REMAINDERPOSITIVE  ; TRUE           ; Untyped                ;
; MAXIMIZE_SPEED         ; 5              ; Untyped                ;
; CBXI_PARAMETER         ; lpm_divide_gdm ; Untyped                ;
; CARRY_CHAIN            ; MANUAL         ; Untyped                ;
; OPTIMIZE_FOR_SPEED     ; 5              ; Untyped                ;
; AUTO_CARRY_CHAINS      ; ON             ; AUTO_CARRY             ;
; IGNORE_CARRY_BUFFERS   ; OFF            ; IGNORE_CARRY           ;
; AUTO_CASCADE_CHAINS    ; ON             ; AUTO_CASCADE           ;
; IGNORE_CASCADE_BUFFERS ; OFF            ; IGNORE_CASCADE         ;
+------------------------+----------------+------------------------+
Note: In order to hide this table in the UI and the text report file, please set the "Show Parameter Settings in Synthesis Report" option in "Analysis and Synthesis Settings -> More Settings" to "Off".


+------------------------------------------------------------------+
; Parameter Settings for Inferred Entity Instance: lpm_divide:Div1 ;
+------------------------+----------------+------------------------+
; Parameter Name         ; Value          ; Type                   ;
+------------------------+----------------+------------------------+
; LPM_WIDTHN             ; 6              ; Untyped                ;
; LPM_WIDTHD             ; 4              ; Untyped                ;
; LPM_NREPRESENTATION    ; UNSIGNED       ; Untyped                ;
; LPM_DREPRESENTATION    ; UNSIGNED       ; Untyped                ;
; LPM_PIPELINE           ; 0              ; Untyped                ;
; LPM_REMAINDERPOSITIVE  ; TRUE           ; Untyped                ;
; MAXIMIZE_SPEED         ; 5              ; Untyped                ;
; CBXI_PARAMETER         ; lpm_divide_blm ; Untyped                ;
; CARRY_CHAIN            ; MANUAL         ; Untyped                ;
; OPTIMIZE_FOR_SPEED     ; 5              ; Untyped                ;
; AUTO_CARRY_CHAINS      ; ON             ; AUTO_CARRY             ;
; IGNORE_CARRY_BUFFERS   ; OFF            ; IGNORE_CARRY           ;
; AUTO_CASCADE_CHAINS    ; ON             ; AUTO_CASCADE           ;
; IGNORE_CASCADE_BUFFERS ; OFF            ; IGNORE_CASCADE         ;
+------------------------+----------------+------------------------+
Note: In order to hide this table in the UI and the text report file, please set the "Show Parameter Settings in Synthesis Report" option in "Analysis and Synthesis Settings -> More Settings" to "Off".


+------------------------------------------------------------------+
; Parameter Settings for Inferred Entity Instance: lpm_divide:Mod1 ;
+------------------------+----------------+------------------------+
; Parameter Name         ; Value          ; Type                   ;
+------------------------+----------------+------------------------+
; LPM_WIDTHN             ; 6              ; Untyped                ;
; LPM_WIDTHD             ; 6              ; Untyped                ;
; LPM_NREPRESENTATION    ; UNSIGNED       ; Untyped                ;
; LPM_DREPRESENTATION    ; UNSIGNED       ; Untyped                ;
; LPM_PIPELINE           ; 0              ; Untyped                ;
; LPM_REMAINDERPOSITIVE  ; TRUE           ; Untyped                ;
; MAXIMIZE_SPEED         ; 5              ; Untyped                ;
; CBXI_PARAMETER         ; lpm_divide_gdm ; Untyped                ;
; CARRY_CHAIN            ; MANUAL         ; Untyped                ;
; OPTIMIZE_FOR_SPEED     ; 5              ; Untyped                ;
; AUTO_CARRY_CHAINS      ; ON             ; AUTO_CARRY             ;
; IGNORE_CARRY_BUFFERS   ; OFF            ; IGNORE_CARRY           ;
; AUTO_CASCADE_CHAINS    ; ON             ; AUTO_CASCADE           ;
; IGNORE_CASCADE_BUFFERS ; OFF            ; IGNORE_CASCADE         ;
+------------------------+----------------+------------------------+
Note: In order to hide this table in the UI and the text report file, please set the "Show Parameter Settings in Synthesis Report" option in "Analysis and Synthesis Settings -> More Settings" to "Off".


+------------------------------------------------------------------+
; Parameter Settings for Inferred Entity Instance: lpm_divide:Div0 ;
+------------------------+----------------+------------------------+
; Parameter Name         ; Value          ; Type                   ;
+------------------------+----------------+------------------------+
; LPM_WIDTHN             ; 6              ; Untyped                ;
; LPM_WIDTHD             ; 4              ; Untyped                ;
; LPM_NREPRESENTATION    ; UNSIGNED       ; Untyped                ;
; LPM_DREPRESENTATION    ; UNSIGNED       ; Untyped                ;
; LPM_PIPELINE           ; 0              ; Untyped                ;
; LPM_REMAINDERPOSITIVE  ; TRUE           ; Untyped                ;
; MAXIMIZE_SPEED         ; 5              ; Untyped                ;
; CBXI_PARAMETER         ; lpm_divide_blm ; Untyped                ;
; CARRY_CHAIN            ; MANUAL         ; Untyped                ;
; OPTIMIZE_FOR_SPEED     ; 5              ; Untyped                ;
; AUTO_CARRY_CHAINS      ; ON             ; AUTO_CARRY             ;
; IGNORE_CARRY_BUFFERS   ; OFF            ; IGNORE_CARRY           ;
; AUTO_CASCADE_CHAINS    ; ON             ; AUTO_CASCADE           ;
; IGNORE_CASCADE_BUFFERS ; OFF            ; IGNORE_CASCADE         ;
+------------------------+----------------+------------------------+
Note: In order to hide this table in the UI and the text report file, please set the "Show Parameter Settings in Synthesis Report" option in "Analysis and Synthesis Settings -> More Settings" to "Off".


+------------------------------------------------------------------+
; Parameter Settings for Inferred Entity Instance: lpm_divide:Mod0 ;
+------------------------+----------------+------------------------+
; Parameter Name         ; Value          ; Type                   ;
+------------------------+----------------+------------------------+
; LPM_WIDTHN             ; 6              ; Untyped                ;
; LPM_WIDTHD             ; 6              ; Untyped                ;
; LPM_NREPRESENTATION    ; UNSIGNED       ; Untyped                ;
; LPM_DREPRESENTATION    ; UNSIGNED       ; Untyped                ;
; LPM_PIPELINE           ; 0              ; Untyped                ;
; LPM_REMAINDERPOSITIVE  ; TRUE           ; Untyped                ;
; MAXIMIZE_SPEED         ; 5              ; Untyped                ;
; CBXI_PARAMETER         ; lpm_divide_gdm ; Untyped                ;
; CARRY_CHAIN            ; MANUAL         ; Untyped                ;
; OPTIMIZE_FOR_SPEED     ; 5              ; Untyped                ;
; AUTO_CARRY_CHAINS      ; ON             ; AUTO_CARRY             ;
; IGNORE_CARRY_BUFFERS   ; OFF            ; IGNORE_CARRY           ;
; AUTO_CASCADE_CHAINS    ; ON             ; AUTO_CASCADE           ;
; IGNORE_CASCADE_BUFFERS ; OFF            ; IGNORE_CASCADE         ;
+------------------------+----------------+------------------------+
Note: In order to hide this table in the UI and the text report file, please set the "Show Parameter Settings in Synthesis Report" option in "Analysis and Synthesis Settings -> More Settings" to "Off".


+-----------------------------------------------------------------------------------------------------------------------+
; Port Connectivity Checks: "counter_k_init:hours"                                                                      ;
+-------------+--------+----------+-------------------------------------------------------------------------------------+
; Port        ; Type   ; Severity ; Details                                                                             ;
+-------------+--------+----------+-------------------------------------------------------------------------------------+
; k[4..3]     ; Input  ; Info     ; Stuck at VCC                                                                        ;
; k[30..5]    ; Input  ; Info     ; Stuck at GND                                                                        ;
; k[2..0]     ; Input  ; Info     ; Stuck at GND                                                                        ;
; init[30..6] ; Input  ; Info     ; Stuck at GND                                                                        ;
; completed   ; Output ; Info     ; Connected to dangling logic. Logic that only feeds a dangling port will be removed. ;
+-------------+--------+----------+-------------------------------------------------------------------------------------+


+----------------------------------------------------+
; Port Connectivity Checks: "counter_k_init:minutes" ;
+-------------+-------+----------+-------------------+
; Port        ; Type  ; Severity ; Details           ;
+-------------+-------+----------+-------------------+
; k[5..2]     ; Input ; Info     ; Stuck at VCC      ;
; k[30..6]    ; Input ; Info     ; Stuck at GND      ;
; k[1..0]     ; Input ; Info     ; Stuck at GND      ;
; init[30..6] ; Input ; Info     ; Stuck at GND      ;
+-------------+-------+----------+-------------------+


+----------------------------------------------------+
; Port Connectivity Checks: "counter_k_init:seconds" ;
+-------------+-------+----------+-------------------+
; Port        ; Type  ; Severity ; Details           ;
+-------------+-------+----------+-------------------+
; k[5..2]     ; Input ; Info     ; Stuck at VCC      ;
; k[30..6]    ; Input ; Info     ; Stuck at GND      ;
; k[1..0]     ; Input ; Info     ; Stuck at GND      ;
; init[30..6] ; Input ; Info     ; Stuck at GND      ;
+-------------+-------+----------+-------------------+


+---------------------------------------------------------------------------------------------------------------------+
; Port Connectivity Checks: "counter_k_init:base_counter"                                                             ;
+-----------+--------+----------+-------------------------------------------------------------------------------------+
; Port      ; Type   ; Severity ; Details                                                                             ;
+-----------+--------+----------+-------------------------------------------------------------------------------------+
; k[23..19] ; Input  ; Info     ; Stuck at VCC                                                                        ;
; k[15..12] ; Input  ; Info     ; Stuck at VCC                                                                        ;
; k[30..26] ; Input  ; Info     ; Stuck at GND                                                                        ;
; k[11..8]  ; Input  ; Info     ; Stuck at GND                                                                        ;
; k[6..0]   ; Input  ; Info     ; Stuck at GND                                                                        ;
; k[25]     ; Input  ; Info     ; Stuck at VCC                                                                        ;
; k[24]     ; Input  ; Info     ; Stuck at GND                                                                        ;
; k[18]     ; Input  ; Info     ; Stuck at GND                                                                        ;
; k[17]     ; Input  ; Info     ; Stuck at VCC                                                                        ;
; k[16]     ; Input  ; Info     ; Stuck at GND                                                                        ;
; k[7]      ; Input  ; Info     ; Stuck at VCC                                                                        ;
; q         ; Output ; Info     ; Connected to dangling logic. Logic that only feeds a dangling port will be removed. ;
; init      ; Input  ; Info     ; Stuck at GND                                                                        ;
+-----------+--------+----------+-------------------------------------------------------------------------------------+


+-------------------------------+
; Elapsed Time Per Partition    ;
+----------------+--------------+
; Partition Name ; Elapsed Time ;
+----------------+--------------+
; Top            ; 00:00:01     ;
+----------------+--------------+


+-------------------------------+
; Analysis & Synthesis Messages ;
+-------------------------------+
Info: *******************************************************************
Info: Running Quartus II 64-Bit Analysis & Synthesis
    Info: Version 13.1.4 Build 182 03/12/2014 SJ Web Edition
    Info: Processing started: Fri Apr 15 19:34:00 2016
Info: Command: quartus_map --read_settings_files=on --write_settings_files=off Lab5 -c Lab5
Warning (20028): Parallel compilation is not licensed and has been disabled
Info (12021): Found 2 design units, including 1 entities, in source file decoder_7segment_hex.vhd
    Info (12022): Found design unit 1: decoder_7segment_hex-behavior
    Info (12023): Found entity 1: decoder_7segment_hex
Warning (10335): Unrecognized synthesis attribute "completed" at Lab5_part2.vhd(43)
Info (12021): Found 2 design units, including 1 entities, in source file lab5_part2.vhd
    Info (12022): Found design unit 1: Lab5_part2-behavior
    Info (12023): Found entity 1: Lab5_part2
Info (12021): Found 2 design units, including 1 entities, in source file lab5_part1.vhd
    Info (12022): Found design unit 1: Lab5_part1-behavior
    Info (12023): Found entity 1: Lab5_part1
Info (12021): Found 2 design units, including 1 entities, in source file counter_k.vhd
    Info (12022): Found design unit 1: counter_k-rtl
    Info (12023): Found entity 1: counter_k
Info (12021): Found 2 design units, including 1 entities, in source file counter_k_init.vhd
    Info (12022): Found design unit 1: counter_k_init-rtl
    Info (12023): Found entity 1: counter_k_init
Info (12127): Elaborating entity "Lab5_part2" for the top level hierarchy
Warning (10541): VHDL Signal Declaration warning at Lab5_part2.vhd(22): used implicit default value for signal "LEDR" because signal was never assigned a value or an explicit default value. Use of implicit default value may introduce unintended design optimizations.
Warning (10036): Verilog HDL or VHDL warning at Lab5_part2.vhd(52): object "s_base" assigned a value but never read
Warning (10036): Verilog HDL or VHDL warning at Lab5_part2.vhd(54): object "completed_hours" assigned a value but never read
Info (12128): Elaborating entity "counter_k_init" for hierarchy "counter_k_init:base_counter"
Info (12128): Elaborating entity "counter_k_init" for hierarchy "counter_k_init:seconds"
Info (12128): Elaborating entity "decoder_7segment_hex" for hierarchy "decoder_7segment_hex:sec_F"
Warning (10036): Verilog HDL or VHDL warning at decoder_7segment_hex.vhd(21): object "s8" assigned a value but never read
Info (278001): Inferred 6 megafunctions from design logic
    Info (278004): Inferred divider/modulo megafunction ("lpm_divide") from the following logic: "Div2"
    Info (278004): Inferred divider/modulo megafunction ("lpm_divide") from the following logic: "Mod2"
    Info (278004): Inferred divider/modulo megafunction ("lpm_divide") from the following logic: "Div1"
    Info (278004): Inferred divider/modulo megafunction ("lpm_divide") from the following logic: "Mod1"
    Info (278004): Inferred divider/modulo megafunction ("lpm_divide") from the following logic: "Div0"
    Info (278004): Inferred divider/modulo megafunction ("lpm_divide") from the following logic: "Mod0"
Info (12130): Elaborated megafunction instantiation "lpm_divide:Div2"
Info (12133): Instantiated megafunction "lpm_divide:Div2" with the following parameter:
    Info (12134): Parameter "LPM_WIDTHN" = "6"
    Info (12134): Parameter "LPM_WIDTHD" = "4"
    Info (12134): Parameter "LPM_NREPRESENTATION" = "UNSIGNED"
    Info (12134): Parameter "LPM_DREPRESENTATION" = "UNSIGNED"
Info (12021): Found 1 design units, including 1 entities, in source file db/lpm_divide_blm.tdf
    Info (12023): Found entity 1: lpm_divide_blm
Info (12021): Found 1 design units, including 1 entities, in source file db/sign_div_unsign_9kh.tdf
    Info (12023): Found entity 1: sign_div_unsign_9kh
Info (12021): Found 1 design units, including 1 entities, in source file db/alt_u_div_08f.tdf
    Info (12023): Found entity 1: alt_u_div_08f
Info (12021): Found 1 design units, including 1 entities, in source file db/add_sub_1tc.tdf
    Info (12023): Found entity 1: add_sub_1tc
Info (12021): Found 1 design units, including 1 entities, in source file db/add_sub_2tc.tdf
    Info (12023): Found entity 1: add_sub_2tc
Info (12130): Elaborated megafunction instantiation "lpm_divide:Mod2"
Info (12133): Instantiated megafunction "lpm_divide:Mod2" with the following parameter:
    Info (12134): Parameter "LPM_WIDTHN" = "6"
    Info (12134): Parameter "LPM_WIDTHD" = "6"
    Info (12134): Parameter "LPM_NREPRESENTATION" = "UNSIGNED"
    Info (12134): Parameter "LPM_DREPRESENTATION" = "UNSIGNED"
Info (12021): Found 1 design units, including 1 entities, in source file db/lpm_divide_gdm.tdf
    Info (12023): Found entity 1: lpm_divide_gdm
Info (12021): Found 1 design units, including 1 entities, in source file db/sign_div_unsign_bkh.tdf
    Info (12023): Found entity 1: sign_div_unsign_bkh
Info (12021): Found 1 design units, including 1 entities, in source file db/alt_u_div_48f.tdf
    Info (12023): Found entity 1: alt_u_div_48f
Warning (13004): Presettable and clearable registers converted to equivalent circuits with latches. Registers power-up to an undefined state, and DEVCLRn places the registers in an undefined state.
    Warning (13310): Register "counter_k_init:hours|value[0]" is converted into an equivalent circuit using register "counter_k_init:hours|value[0]~_emulated" and latch "counter_k_init:hours|value[0]~1"
    Warning (13310): Register "counter_k_init:hours|value[3]" is converted into an equivalent circuit using register "counter_k_init:hours|value[3]~_emulated" and latch "counter_k_init:hours|value[3]~5"
    Warning (13310): Register "counter_k_init:hours|value[2]" is converted into an equivalent circuit using register "counter_k_init:hours|value[2]~_emulated" and latch "counter_k_init:hours|value[2]~9"
    Warning (13310): Register "counter_k_init:hours|value[1]" is converted into an equivalent circuit using register "counter_k_init:hours|value[1]~_emulated" and latch "counter_k_init:hours|value[1]~13"
    Warning (13310): Register "counter_k_init:minutes|value[0]" is converted into an equivalent circuit using register "counter_k_init:minutes|value[0]~_emulated" and latch "counter_k_init:minutes|value[0]~1"
    Warning (13310): Register "counter_k_init:minutes|value[3]" is converted into an equivalent circuit using register "counter_k_init:minutes|value[3]~_emulated" and latch "counter_k_init:minutes|value[3]~5"
    Warning (13310): Register "counter_k_init:minutes|value[2]" is converted into an equivalent circuit using register "counter_k_init:minutes|value[2]~_emulated" and latch "counter_k_init:minutes|value[2]~9"
    Warning (13310): Register "counter_k_init:minutes|value[1]" is converted into an equivalent circuit using register "counter_k_init:minutes|value[1]~_emulated" and latch "counter_k_init:minutes|value[1]~13"
    Warning (13310): Register "counter_k_init:seconds|value[0]" is converted into an equivalent circuit using register "counter_k_init:seconds|value[0]~_emulated" and latch "counter_k_init:seconds|value[0]~1"
    Warning (13310): Register "counter_k_init:seconds|value[3]" is converted into an equivalent circuit using register "counter_k_init:seconds|value[3]~_emulated" and latch "counter_k_init:seconds|value[3]~5"
    Warning (13310): Register "counter_k_init:seconds|value[2]" is converted into an equivalent circuit using register "counter_k_init:seconds|value[2]~_emulated" and latch "counter_k_init:seconds|value[2]~9"
    Warning (13310): Register "counter_k_init:seconds|value[1]" is converted into an equivalent circuit using register "counter_k_init:seconds|value[1]~_emulated" and latch "counter_k_init:seconds|value[1]~13"
    Warning (13310): Register "counter_k_init:hours|value[4]" is converted into an equivalent circuit using register "counter_k_init:hours|value[4]~_emulated" and latch "counter_k_init:hours|value[4]~17"
    Warning (13310): Register "counter_k_init:hours|value[5]" is converted into an equivalent circuit using register "counter_k_init:hours|value[5]~_emulated" and latch "counter_k_init:hours|value[5]~21"
    Warning (13310): Register "counter_k_init:minutes|value[4]" is converted into an equivalent circuit using register "counter_k_init:minutes|value[4]~_emulated" and latch "counter_k_init:minutes|value[4]~17"
    Warning (13310): Register "counter_k_init:minutes|value[5]" is converted into an equivalent circuit using register "counter_k_init:minutes|value[5]~_emulated" and latch "counter_k_init:minutes|value[5]~21"
    Warning (13310): Register "counter_k_init:seconds|value[4]" is converted into an equivalent circuit using register "counter_k_init:seconds|value[4]~_emulated" and latch "counter_k_init:seconds|value[4]~17"
    Warning (13310): Register "counter_k_init:seconds|value[5]" is converted into an equivalent circuit using register "counter_k_init:seconds|value[5]~_emulated" and latch "counter_k_init:seconds|value[5]~21"
Warning (13024): Output pins are stuck at VCC or GND
    Warning (13410): Pin "LEDR[0]" is stuck at GND
    Warning (13410): Pin "LEDR[1]" is stuck at GND
    Warning (13410): Pin "LEDR[2]" is stuck at GND
    Warning (13410): Pin "LEDR[3]" is stuck at GND
    Warning (13410): Pin "LEDR[4]" is stuck at GND
    Warning (13410): Pin "LEDR[5]" is stuck at GND
    Warning (13410): Pin "LEDR[6]" is stuck at GND
    Warning (13410): Pin "LEDR[7]" is stuck at GND
    Warning (13410): Pin "LEDR[8]" is stuck at GND
    Warning (13410): Pin "LEDR[9]" is stuck at GND
    Warning (13410): Pin "LEDR[10]" is stuck at GND
    Warning (13410): Pin "LEDR[11]" is stuck at GND
    Warning (13410): Pin "LEDR[12]" is stuck at GND
    Warning (13410): Pin "LEDR[13]" is stuck at GND
    Warning (13410): Pin "LEDR[14]" is stuck at GND
    Warning (13410): Pin "LEDR[15]" is stuck at GND
Info (286030): Timing-Driven Synthesis is running
Info (17049): 1 registers lost all their fanouts during netlist optimizations.
Info (16010): Generating hard_block partition "hard_block:auto_generated_inst"
    Info (16011): Adding 0 node(s), including 0 DDIO, 0 PLL, 0 transceiver and 0 LCELL
Warning (21074): Design contains 1 input pin(s) that do not drive logic
    Warning (15610): No output dependent on input pin "KEY[1]"
Info (21057): Implemented 516 device resources after synthesis - the final resource count might be different
    Info (21058): Implemented 21 input pins
    Info (21059): Implemented 58 output pins
    Info (21061): Implemented 437 logic cells
Info: Quartus II 64-Bit Analysis & Synthesis was successful. 0 errors, 44 warnings
    Info: Peak virtual memory: 577 megabytes
    Info: Processing ended: Fri Apr 15 19:34:07 2016
    Info: Elapsed time: 00:00:07
    Info: Total CPU time (on all processors): 00:00:03


