Flow report for Lab8
Fri May 13 19:27:39 2016
Quartus II 64-Bit Version 13.1.4 Build 182 03/12/2014 SJ Web Edition


---------------------
; Table of Contents ;
---------------------
  1. Legal Notice
  2. Flow Summary
  3. Flow Settings
  4. Flow Non-Default Global Settings
  5. Flow Elapsed Time
  6. Flow OS Summary
  7. Flow Log
  8. Flow Messages
  9. Flow Suppressed Messages



----------------
; Legal Notice ;
----------------
Copyright (C) 1991-2014 Altera Corporation
Your use of Altera Corporation's design tools, logic functions 
and other software and tools, and its AMPP partner logic 
functions, and any output files from any of the foregoing 
(including device programming or simulation files), and any 
associated documentation or information are expressly subject 
to the terms and conditions of the Altera Program License 
Subscription Agreement, Altera MegaCore Function License 
Agreement, or other applicable license agreement, including, 
without limitation, that your use is for the sole purpose of 
programming logic devices manufactured by Altera and sold by 
Altera or its authorized distributors.  Please refer to the 
applicable agreement for further details.



+---------------------------------------------------------------------------------+
; Flow Summary                                                                    ;
+------------------------------------+--------------------------------------------+
; Flow Status                        ; Successful - Fri May 13 19:27:39 2016      ;
; Quartus II 64-Bit Version          ; 13.1.4 Build 182 03/12/2014 SJ Web Edition ;
; Revision Name                      ; Lab8                                       ;
; Top-level Entity Name              ; Exp8_Part2                                 ;
; Family                             ; Cyclone IV GX                              ;
; Device                             ; EP4CGX150DF31C7                            ;
; Timing Models                      ; Final                                      ;
; Total logic elements               ; 395 / 149,760 ( < 1 % )                    ;
;     Total combinational functions  ; 395 / 149,760 ( < 1 % )                    ;
;     Dedicated logic registers      ; 238 / 149,760 ( < 1 % )                    ;
; Total registers                    ; 238                                        ;
; Total pins                         ; 103 / 508 ( 20 % )                         ;
; Total virtual pins                 ; 0                                          ;
; Total memory bits                  ; 0 / 6,635,520 ( 0 % )                      ;
; Embedded Multiplier 9-bit elements ; 0 / 720 ( 0 % )                            ;
; Total GXB Receiver Channel PCS     ; 0 / 8 ( 0 % )                              ;
; Total GXB Receiver Channel PMA     ; 0 / 8 ( 0 % )                              ;
; Total GXB Transmitter Channel PCS  ; 0 / 8 ( 0 % )                              ;
; Total GXB Transmitter Channel PMA  ; 0 / 8 ( 0 % )                              ;
; Total PLLs                         ; 0 / 8 ( 0 % )                              ;
+------------------------------------+--------------------------------------------+


+-----------------------------------------+
; Flow Settings                           ;
+-------------------+---------------------+
; Option            ; Setting             ;
+-------------------+---------------------+
; Start date & time ; 05/13/2016 19:26:04 ;
; Main task         ; Compilation         ;
; Revision Name     ; Lab8                ;
+-------------------+---------------------+


+----------------------------------------------------------------------------------------------------------------------+
; Flow Non-Default Global Settings                                                                                     ;
+-------------------------------------+---------------------------------+---------------+-------------+----------------+
; Assignment Name                     ; Value                           ; Default Value ; Entity Name ; Section Id     ;
+-------------------------------------+---------------------------------+---------------+-------------+----------------+
; COMPILER_SIGNATURE_ID               ; 273440552298613.146317836402488 ; --            ; --          ; --             ;
; EDA_OUTPUT_DATA_FORMAT              ; Vhdl                            ; --            ; --          ; eda_simulation ;
; EDA_SIMULATION_TOOL                 ; ModelSim-Altera (VHDL)          ; <None>        ; --          ; --             ;
; MAX_CORE_JUNCTION_TEMP              ; 85                              ; --            ; --          ; --             ;
; MIN_CORE_JUNCTION_TEMP              ; 0                               ; --            ; --          ; --             ;
; OUTPUT_IO_TIMING_FAR_END_VMEAS      ; Half Signal Swing               ; --            ; --          ; --             ;
; OUTPUT_IO_TIMING_FAR_END_VMEAS      ; Half Signal Swing               ; --            ; --          ; --             ;
; OUTPUT_IO_TIMING_NEAR_END_VMEAS     ; Half Vccio                      ; --            ; --          ; --             ;
; OUTPUT_IO_TIMING_NEAR_END_VMEAS     ; Half Vccio                      ; --            ; --          ; --             ;
; PARTITION_COLOR                     ; 16764057                        ; --            ; Exp8_Part2  ; Top            ;
; PARTITION_FITTER_PRESERVATION_LEVEL ; PLACEMENT_AND_ROUTING           ; --            ; Exp8_Part2  ; Top            ;
; PARTITION_NETLIST_TYPE              ; SOURCE                          ; --            ; Exp8_Part2  ; Top            ;
; TOP_LEVEL_ENTITY                    ; Exp8_Part2                      ; Lab8          ; --          ; --             ;
+-------------------------------------+---------------------------------+---------------+-------------+----------------+


+-------------------------------------------------------------------------------------------------------------------------------+
; Flow Elapsed Time                                                                                                             ;
+---------------------------+--------------+-------------------------+---------------------+------------------------------------+
; Module Name               ; Elapsed Time ; Average Processors Used ; Peak Virtual Memory ; Total CPU Time (on all processors) ;
+---------------------------+--------------+-------------------------+---------------------+------------------------------------+
; Analysis & Synthesis      ; 00:00:09     ; 1.0                     ; 577 MB              ; 00:00:02                           ;
; Fitter                    ; 00:00:34     ; 1.0                     ; 1045 MB             ; 00:00:24                           ;
; Assembler                 ; 00:00:13     ; 1.0                     ; 540 MB              ; 00:00:06                           ;
; TimeQuest Timing Analyzer ; 00:00:09     ; 1.0                     ; 571 MB              ; 00:00:03                           ;
; EDA Netlist Writer        ; 00:00:10     ; 1.0                     ; 480 MB              ; 00:00:01                           ;
; Total                     ; 00:01:15     ; --                      ; --                  ; 00:00:36                           ;
+---------------------------+--------------+-------------------------+---------------------+------------------------------------+


+----------------------------------------------------------------------------------------+
; Flow OS Summary                                                                        ;
+---------------------------+------------------+-----------+------------+----------------+
; Module Name               ; Machine Hostname ; OS Name   ; OS Version ; Processor type ;
+---------------------------+------------------+-----------+------------+----------------+
; Analysis & Synthesis      ; LS04-N206-Bnc06  ; Windows 7 ; 6.2        ; x86_64         ;
; Fitter                    ; LS04-N206-Bnc06  ; Windows 7 ; 6.2        ; x86_64         ;
; Assembler                 ; LS04-N206-Bnc06  ; Windows 7 ; 6.2        ; x86_64         ;
; TimeQuest Timing Analyzer ; LS04-N206-Bnc06  ; Windows 7 ; 6.2        ; x86_64         ;
; EDA Netlist Writer        ; LS04-N206-Bnc06  ; Windows 7 ; 6.2        ; x86_64         ;
+---------------------------+------------------+-----------+------------+----------------+


------------
; Flow Log ;
------------
quartus_map --read_settings_files=on --write_settings_files=off Lab8 -c Lab8
quartus_fit --read_settings_files=off --write_settings_files=off Lab8 -c Lab8
quartus_asm --read_settings_files=off --write_settings_files=off Lab8 -c Lab8
quartus_sta Lab8 -c Lab8
quartus_eda --read_settings_files=off --write_settings_files=off Lab8 -c Lab8



